<?xml version="1.0" encoding="UTF-8"?>
<testng-results ignored="0" total="3" passed="3" failed="0" skipped="0">
  <reporter-output>
  </reporter-output>
  <suite started-at="2024-12-01T18:18:00 GMT-05:00" name="Default suite" finished-at="2024-12-01T18:18:02 GMT-05:00" duration-ms="1856">
    <groups>
    </groups>
    <test started-at="2024-12-01T18:18:00 GMT-05:00" name="Default test" finished-at="2024-12-01T18:18:02 GMT-05:00" duration-ms="1856">
      <class name="com.example.api.ApiTest">
        <test-method signature="testGetRequest()[pri:0, instance:com.example.api.ApiTest@4ac3c60d]" started-at="2024-12-01T18:18:00 GMT-05:00" name="testGetRequest" finished-at="2024-12-01T18:18:01 GMT-05:00" duration-ms="1512" status="PASS">
          <reporter-output>
          </reporter-output>
        </test-method> <!-- testGetRequest -->
        <test-method signature="testInvalidEndpoint()[pri:0, instance:com.example.api.ApiTest@4ac3c60d]" started-at="2024-12-01T18:18:01 GMT-05:00" name="testInvalidEndpoint" finished-at="2024-12-01T18:18:02 GMT-05:00" duration-ms="90" status="PASS">
          <reporter-output>
          </reporter-output>
        </test-method> <!-- testInvalidEndpoint -->
        <test-method signature="testPostRequest()[pri:0, instance:com.example.api.ApiTest@4ac3c60d]" started-at="2024-12-01T18:18:02 GMT-05:00" name="testPostRequest" finished-at="2024-12-01T18:18:02 GMT-05:00" duration-ms="216" status="PASS">
          <reporter-output>
          </reporter-output>
        </test-method> <!-- testPostRequest -->
      </class> <!-- com.example.api.ApiTest -->
    </test> <!-- Default test -->
  </suite> <!-- Default suite -->
</testng-results>
