<?xml version="1.0" encoding="UTF-8"?>
<!-- Generated by org.testng.reporters.JUnitXMLReporter -->
<testsuite ignored="0" hostname="Anjali" failures="0" tests="3" name="Default test" time="1.856" errors="0" timestamp="2024-12-01T18:18:02 GMT-05:00">
  <testcase classname="com.example.api.ApiTest" name="testGetRequest" time="1.512"/>
  <testcase classname="com.example.api.ApiTest" name="testInvalidEndpoint" time="0.09"/>
  <testcase classname="com.example.api.ApiTest" name="testPostRequest" time="0.216"/>
</testsuite> <!-- Default test -->
